<?xml version="1.0" encoding="UTF-8"?>
<testsuite xmlns:xsi="http://www.w3.org/2001/XMLSchema-instance" xsi:noNamespaceSchemaLocation="https://maven.apache.org/surefire/maven-surefire-plugin/xsd/surefire-test-report-3.0.xsd" version="3.0" name="com.example.aicourse.utils.ResultTest" time="0.025" tests="14" errors="0" skipped="0" failures="0">
  <properties>
    <property name="java.specification.version" value="17"/>
    <property name="sun.cpu.isalist" value="amd64"/>
    <property name="sun.jnu.encoding" value="GBK"/>
    <property name="java.class.path" value="C:\Users\wujin\Desktop\ai-course-platform\backend\target\test-classes;C:\Users\wujin\Desktop\ai-course-platform\backend\target\classes;C:\Users\wujin\Downloads\apache-maven-3.9.10-bin\maven-repository\org\springframework\boot\spring-boot-starter-web\3.2.6\spring-boot-starter-web-3.2.6.jar;C:\Users\wujin\Downloads\apache-maven-3.9.10-bin\maven-repository\org\springframework\boot\spring-boot-starter\3.2.6\spring-boot-starter-3.2.6.jar;C:\Users\wujin\Downloads\apache-maven-3.9.10-bin\maven-repository\org\springframework\boot\spring-boot\3.2.6\spring-boot-3.2.6.jar;C:\Users\wujin\Downloads\apache-maven-3.9.10-bin\maven-repository\org\springframework\boot\spring-boot-starter-logging\3.2.6\spring-boot-starter-logging-3.2.6.jar;C:\Users\wujin\Downloads\apache-maven-3.9.10-bin\maven-repository\ch\qos\logback\logback-classic\1.4.14\logback-classic-1.4.14.jar;C:\Users\wujin\Downloads\apache-maven-3.9.10-bin\maven-repository\ch\qos\logback\logback-core\1.4.14\logback-core-1.4.14.jar;C:\Users\wujin\Downloads\apache-maven-3.9.10-bin\maven-repository\org\apache\logging\log4j\log4j-to-slf4j\2.21.1\log4j-to-slf4j-2.21.1.jar;C:\Users\wujin\Downloads\apache-maven-3.9.10-bin\maven-repository\org\slf4j\jul-to-slf4j\2.0.13\jul-to-slf4j-2.0.13.jar;C:\Users\wujin\Downloads\apache-maven-3.9.10-bin\maven-repository\jakarta\annotation\jakarta.annotation-api\2.1.1\jakarta.annotation-api-2.1.1.jar;C:\Users\wujin\Downloads\apache-maven-3.9.10-bin\maven-repository\org\yaml\snakeyaml\2.2\snakeyaml-2.2.jar;C:\Users\wujin\Downloads\apache-maven-3.9.10-bin\maven-repository\org\springframework\boot\spring-boot-starter-json\3.2.6\spring-boot-starter-json-3.2.6.jar;C:\Users\wujin\Downloads\apache-maven-3.9.10-bin\maven-repository\com\fasterxml\jackson\datatype\jackson-datatype-jdk8\2.15.4\jackson-datatype-jdk8-2.15.4.jar;C:\Users\wujin\Downloads\apache-maven-3.9.10-bin\maven-repository\com\fasterxml\jackson\datatype\jackson-datatype-jsr310\2.15.4\jackson-datatype-jsr310-2.15.4.jar;C:\Users\wujin\Downloads\apache-maven-3.9.10-bin\maven-repository\com\fasterxml\jackson\module\jackson-module-parameter-names\2.15.4\jackson-module-parameter-names-2.15.4.jar;C:\Users\wujin\Downloads\apache-maven-3.9.10-bin\maven-repository\org\springframework\boot\spring-boot-starter-tomcat\3.2.6\spring-boot-starter-tomcat-3.2.6.jar;C:\Users\wujin\Downloads\apache-maven-3.9.10-bin\maven-repository\org\apache\tomcat\embed\tomcat-embed-core\10.1.24\tomcat-embed-core-10.1.24.jar;C:\Users\wujin\Downloads\apache-maven-3.9.10-bin\maven-repository\org\apache\tomcat\embed\tomcat-embed-websocket\10.1.24\tomcat-embed-websocket-10.1.24.jar;C:\Users\wujin\Downloads\apache-maven-3.9.10-bin\maven-repository\org\springframework\spring-web\6.1.8\spring-web-6.1.8.jar;C:\Users\wujin\Downloads\apache-maven-3.9.10-bin\maven-repository\org\springframework\spring-beans\6.1.8\spring-beans-6.1.8.jar;C:\Users\wujin\Downloads\apache-maven-3.9.10-bin\maven-repository\org\springframework\spring-webmvc\6.1.8\spring-webmvc-6.1.8.jar;C:\Users\wujin\Downloads\apache-maven-3.9.10-bin\maven-repository\org\springframework\spring-aop\6.1.8\spring-aop-6.1.8.jar;C:\Users\wujin\Downloads\apache-maven-3.9.10-bin\maven-repository\org\springframework\spring-context\6.1.8\spring-context-6.1.8.jar;C:\Users\wujin\Downloads\apache-maven-3.9.10-bin\maven-repository\org\springframework\spring-expression\6.1.8\spring-expression-6.1.8.jar;C:\Users\wujin\Downloads\apache-maven-3.9.10-bin\maven-repository\com\baomidou\mybatis-plus-spring-boot3-starter\3.5.6\mybatis-plus-spring-boot3-starter-3.5.6.jar;C:\Users\wujin\Downloads\apache-maven-3.9.10-bin\maven-repository\com\baomidou\mybatis-plus\3.5.6\mybatis-plus-3.5.6.jar;C:\Users\wujin\Downloads\apache-maven-3.9.10-bin\maven-repository\com\baomidou\mybatis-plus-core\3.5.6\mybatis-plus-core-3.5.6.jar;C:\Users\wujin\Downloads\apache-maven-3.9.10-bin\maven-repository\com\baomidou\mybatis-plus-annotation\3.5.6\mybatis-plus-annotation-3.5.6.jar;C:\Users\wujin\Downloads\apache-maven-3.9.10-bin\maven-repository\com\baomidou\mybatis-plus-extension\3.5.6\mybatis-plus-extension-3.5.6.jar;C:\Users\wujin\Downloads\apache-maven-3.9.10-bin\maven-repository\org\mybatis\mybatis\3.5.16\mybatis-3.5.16.jar;C:\Users\wujin\Downloads\apache-maven-3.9.10-bin\maven-repository\com\github\jsqlparser\jsqlparser\4.9\jsqlparser-4.9.jar;C:\Users\wujin\Downloads\apache-maven-3.9.10-bin\maven-repository\org\mybatis\mybatis-spring\3.0.3\mybatis-spring-3.0.3.jar;C:\Users\wujin\Downloads\apache-maven-3.9.10-bin\maven-repository\com\baomidou\mybatis-plus-spring-boot-autoconfigure\3.5.6\mybatis-plus-spring-boot-autoconfigure-3.5.6.jar;C:\Users\wujin\Downloads\apache-maven-3.9.10-bin\maven-repository\org\springframework\boot\spring-boot-autoconfigure\3.2.6\spring-boot-autoconfigure-3.2.6.jar;C:\Users\wujin\Downloads\apache-maven-3.9.10-bin\maven-repository\org\springframework\boot\spring-boot-starter-jdbc\3.2.6\spring-boot-starter-jdbc-3.2.6.jar;C:\Users\wujin\Downloads\apache-maven-3.9.10-bin\maven-repository\com\zaxxer\HikariCP\5.0.1\HikariCP-5.0.1.jar;C:\Users\wujin\Downloads\apache-maven-3.9.10-bin\maven-repository\org\springframework\spring-jdbc\6.1.8\spring-jdbc-6.1.8.jar;C:\Users\wujin\Downloads\apache-maven-3.9.10-bin\maven-repository\org\springframework\spring-tx\6.1.8\spring-tx-6.1.8.jar;C:\Users\wujin\Downloads\apache-maven-3.9.10-bin\maven-repository\com\mysql\mysql-connector-j\8.2.0\mysql-connector-j-8.2.0.jar;C:\Users\wujin\Downloads\apache-maven-3.9.10-bin\maven-repository\org\projectlombok\lombok\1.18.32\lombok-1.18.32.jar;C:\Users\wujin\Downloads\apache-maven-3.9.10-bin\maven-repository\io\minio\minio\8.5.10\minio-8.5.10.jar;C:\Users\wujin\Downloads\apache-maven-3.9.10-bin\maven-repository\com\carrotsearch\thirdparty\simple-xml-safe\2.7.1\simple-xml-safe-2.7.1.jar;C:\Users\wujin\Downloads\apache-maven-3.9.10-bin\maven-repository\com\google\guava\guava\33.0.0-jre\guava-33.0.0-jre.jar;C:\Users\wujin\Downloads\apache-maven-3.9.10-bin\maven-repository\com\google\guava\failureaccess\1.0.2\failureaccess-1.0.2.jar;C:\Users\wujin\Downloads\apache-maven-3.9.10-bin\maven-repository\com\google\guava\listenablefuture\9999.0-empty-to-avoid-conflict-with-guava\listenablefuture-9999.0-empty-to-avoid-conflict-with-guava.jar;C:\Users\wujin\Downloads\apache-maven-3.9.10-bin\maven-repository\com\google\code\findbugs\jsr305\3.0.2\jsr305-3.0.2.jar;C:\Users\wujin\Downloads\apache-maven-3.9.10-bin\maven-repository\org\checkerframework\checker-qual\3.41.0\checker-qual-3.41.0.jar;C:\Users\wujin\Downloads\apache-maven-3.9.10-bin\maven-repository\com\google\errorprone\error_prone_annotations\2.23.0\error_prone_annotations-2.23.0.jar;C:\Users\wujin\Downloads\apache-maven-3.9.10-bin\maven-repository\com\google\j2objc\j2objc-annotations\2.8\j2objc-annotations-2.8.jar;C:\Users\wujin\Downloads\apache-maven-3.9.10-bin\maven-repository\com\squareup\okhttp3\okhttp\4.12.0\okhttp-4.12.0.jar;C:\Users\wujin\Downloads\apache-maven-3.9.10-bin\maven-repository\com\squareup\okio\okio\3.6.0\okio-3.6.0.jar;C:\Users\wujin\Downloads\apache-maven-3.9.10-bin\maven-repository\com\squareup\okio\okio-jvm\3.6.0\okio-jvm-3.6.0.jar;C:\Users\wujin\Downloads\apache-maven-3.9.10-bin\maven-repository\org\jetbrains\kotlin\kotlin-stdlib-common\1.9.24\kotlin-stdlib-common-1.9.24.jar;C:\Users\wujin\Downloads\apache-maven-3.9.10-bin\maven-repository\org\jetbrains\kotlin\kotlin-stdlib-jdk8\1.9.24\kotlin-stdlib-jdk8-1.9.24.jar;C:\Users\wujin\Downloads\apache-maven-3.9.10-bin\maven-repository\org\jetbrains\kotlin\kotlin-stdlib\1.9.24\kotlin-stdlib-1.9.24.jar;C:\Users\wujin\Downloads\apache-maven-3.9.10-bin\maven-repository\org\jetbrains\annotations\13.0\annotations-13.0.jar;C:\Users\wujin\Downloads\apache-maven-3.9.10-bin\maven-repository\org\jetbrains\kotlin\kotlin-stdlib-jdk7\1.9.24\kotlin-stdlib-jdk7-1.9.24.jar;C:\Users\wujin\Downloads\apache-maven-3.9.10-bin\maven-repository\com\fasterxml\jackson\core\jackson-annotations\2.15.4\jackson-annotations-2.15.4.jar;C:\Users\wujin\Downloads\apache-maven-3.9.10-bin\maven-repository\com\fasterxml\jackson\core\jackson-core\2.15.4\jackson-core-2.15.4.jar;C:\Users\wujin\Downloads\apache-maven-3.9.10-bin\maven-repository\com\fasterxml\jackson\core\jackson-databind\2.15.4\jackson-databind-2.15.4.jar;C:\Users\wujin\Downloads\apache-maven-3.9.10-bin\maven-repository\org\bouncycastle\bcprov-jdk18on\1.78\bcprov-jdk18on-1.78.jar;C:\Users\wujin\Downloads\apache-maven-3.9.10-bin\maven-repository\org\apache\commons\commons-compress\1.26.0\commons-compress-1.26.0.jar;C:\Users\wujin\Downloads\apache-maven-3.9.10-bin\maven-repository\org\apache\commons\commons-lang3\3.13.0\commons-lang3-3.13.0.jar;C:\Users\wujin\Downloads\apache-maven-3.9.10-bin\maven-repository\commons-codec\commons-codec\1.16.1\commons-codec-1.16.1.jar;C:\Users\wujin\Downloads\apache-maven-3.9.10-bin\maven-repository\org\xerial\snappy\snappy-java\1.1.10.5\snappy-java-1.1.10.5.jar;C:\Users\wujin\Downloads\apache-maven-3.9.10-bin\maven-repository\org\springframework\boot\spring-boot-starter-validation\3.2.6\spring-boot-starter-validation-3.2.6.jar;C:\Users\wujin\Downloads\apache-maven-3.9.10-bin\maven-repository\org\apache\tomcat\embed\tomcat-embed-el\10.1.24\tomcat-embed-el-10.1.24.jar;C:\Users\wujin\Downloads\apache-maven-3.9.10-bin\maven-repository\org\hibernate\validator\hibernate-validator\8.0.1.Final\hibernate-validator-8.0.1.Final.jar;C:\Users\wujin\Downloads\apache-maven-3.9.10-bin\maven-repository\jakarta\validation\jakarta.validation-api\3.0.2\jakarta.validation-api-3.0.2.jar;C:\Users\wujin\Downloads\apache-maven-3.9.10-bin\maven-repository\org\jboss\logging\jboss-logging\3.5.3.Final\jboss-logging-3.5.3.Final.jar;C:\Users\wujin\Downloads\apache-maven-3.9.10-bin\maven-repository\com\fasterxml\classmate\1.6.0\classmate-1.6.0.jar;C:\Users\wujin\Downloads\apache-maven-3.9.10-bin\maven-repository\org\springframework\boot\spring-boot-configuration-processor\3.2.6\spring-boot-configuration-processor-3.2.6.jar;C:\Users\wujin\Downloads\apache-maven-3.9.10-bin\maven-repository\org\springframework\boot\spring-boot-starter-actuator\3.2.6\spring-boot-starter-actuator-3.2.6.jar;C:\Users\wujin\Downloads\apache-maven-3.9.10-bin\maven-repository\org\springframework\boot\spring-boot-actuator-autoconfigure\3.2.6\spring-boot-actuator-autoconfigure-3.2.6.jar;C:\Users\wujin\Downloads\apache-maven-3.9.10-bin\maven-repository\org\springframework\boot\spring-boot-actuator\3.2.6\spring-boot-actuator-3.2.6.jar;C:\Users\wujin\Downloads\apache-maven-3.9.10-bin\maven-repository\io\micrometer\micrometer-observation\1.12.6\micrometer-observation-1.12.6.jar;C:\Users\wujin\Downloads\apache-maven-3.9.10-bin\maven-repository\io\micrometer\micrometer-commons\1.12.6\micrometer-commons-1.12.6.jar;C:\Users\wujin\Downloads\apache-maven-3.9.10-bin\maven-repository\io\micrometer\micrometer-jakarta9\1.12.6\micrometer-jakarta9-1.12.6.jar;C:\Users\wujin\Downloads\apache-maven-3.9.10-bin\maven-repository\io\micrometer\micrometer-core\1.12.6\micrometer-core-1.12.6.jar;C:\Users\wujin\Downloads\apache-maven-3.9.10-bin\maven-repository\org\hdrhistogram\HdrHistogram\2.1.12\HdrHistogram-2.1.12.jar;C:\Users\wujin\Downloads\apache-maven-3.9.10-bin\maven-repository\org\latencyutils\LatencyUtils\2.0.3\LatencyUtils-2.0.3.jar;C:\Users\wujin\Downloads\apache-maven-3.9.10-bin\maven-repository\org\junit\jupiter\junit-jupiter\5.9.2\junit-jupiter-5.9.2.jar;C:\Users\wujin\Downloads\apache-maven-3.9.10-bin\maven-repository\org\junit\jupiter\junit-jupiter-api\5.10.2\junit-jupiter-api-5.10.2.jar;C:\Users\wujin\Downloads\apache-maven-3.9.10-bin\maven-repository\org\opentest4j\opentest4j\1.3.0\opentest4j-1.3.0.jar;C:\Users\wujin\Downloads\apache-maven-3.9.10-bin\maven-repository\org\junit\platform\junit-platform-commons\1.10.2\junit-platform-commons-1.10.2.jar;C:\Users\wujin\Downloads\apache-maven-3.9.10-bin\maven-repository\org\apiguardian\apiguardian-api\1.1.2\apiguardian-api-1.1.2.jar;C:\Users\wujin\Downloads\apache-maven-3.9.10-bin\maven-repository\org\junit\jupiter\junit-jupiter-params\5.10.2\junit-jupiter-params-5.10.2.jar;C:\Users\wujin\Downloads\apache-maven-3.9.10-bin\maven-repository\org\junit\jupiter\junit-jupiter-engine\5.10.2\junit-jupiter-engine-5.10.2.jar;C:\Users\wujin\Downloads\apache-maven-3.9.10-bin\maven-repository\org\junit\platform\junit-platform-engine\1.10.2\junit-platform-engine-1.10.2.jar;C:\Users\wujin\Downloads\apache-maven-3.9.10-bin\maven-repository\org\apache\tika\tika-core\2.9.1\tika-core-2.9.1.jar;C:\Users\wujin\Downloads\apache-maven-3.9.10-bin\maven-repository\org\slf4j\slf4j-api\2.0.13\slf4j-api-2.0.13.jar;C:\Users\wujin\Downloads\apache-maven-3.9.10-bin\maven-repository\commons-io\commons-io\2.14.0\commons-io-2.14.0.jar;C:\Users\wujin\Downloads\apache-maven-3.9.10-bin\maven-repository\org\apache\tika\tika-parsers-standard-package\2.9.1\tika-parsers-standard-package-2.9.1.jar;C:\Users\wujin\Downloads\apache-maven-3.9.10-bin\maven-repository\org\apache\tika\tika-parser-apple-module\2.9.1\tika-parser-apple-module-2.9.1.jar;C:\Users\wujin\Downloads\apache-maven-3.9.10-bin\maven-repository\org\apache\tika\tika-parser-zip-commons\2.9.1\tika-parser-zip-commons-2.9.1.jar;C:\Users\wujin\Downloads\apache-maven-3.9.10-bin\maven-repository\com\googlecode\plist\dd-plist\1.27\dd-plist-1.27.jar;C:\Users\wujin\Downloads\apache-maven-3.9.10-bin\maven-repository\org\apache\tika\tika-parser-audiovideo-module\2.9.1\tika-parser-audiovideo-module-2.9.1.jar;C:\Users\wujin\Downloads\apache-maven-3.9.10-bin\maven-repository\com\drewnoakes\metadata-extractor\2.18.0\metadata-extractor-2.18.0.jar;C:\Users\wujin\Downloads\apache-maven-3.9.10-bin\maven-repository\com\adobe\xmp\xmpcore\6.1.11\xmpcore-6.1.11.jar;C:\Users\wujin\Downloads\apache-maven-3.9.10-bin\maven-repository\org\apache\tika\tika-parser-cad-module\2.9.1\tika-parser-cad-module-2.9.1.jar;C:\Users\wujin\Downloads\apache-maven-3.9.10-bin\maven-repository\org\apache\tika\tika-parser-code-module\2.9.1\tika-parser-code-module-2.9.1.jar;C:\Users\wujin\Downloads\apache-maven-3.9.10-bin\maven-repository\org\codelibs\jhighlight\1.1.0\jhighlight-1.1.0.jar;C:\Users\wujin\Downloads\apache-maven-3.9.10-bin\maven-repository\org\ccil\cowan\tagsoup\tagsoup\1.2.1\tagsoup-1.2.1.jar;C:\Users\wujin\Downloads\apache-maven-3.9.10-bin\maven-repository\org\ow2\asm\asm\9.6\asm-9.6.jar;C:\Users\wujin\Downloads\apache-maven-3.9.10-bin\maven-repository\com\epam\parso\2.0.14\parso-2.0.14.jar;C:\Users\wujin\Downloads\apache-maven-3.9.10-bin\maven-repository\org\tallison\jmatio\1.5\jmatio-1.5.jar;C:\Users\wujin\Downloads\apache-maven-3.9.10-bin\maven-repository\org\apache\tika\tika-parser-crypto-module\2.9.1\tika-parser-crypto-module-2.9.1.jar;C:\Users\wujin\Downloads\apache-maven-3.9.10-bin\maven-repository\org\bouncycastle\bcmail-jdk18on\1.76\bcmail-jdk18on-1.76.jar;C:\Users\wujin\Downloads\apache-maven-3.9.10-bin\maven-repository\org\bouncycastle\bcutil-jdk18on\1.76\bcutil-jdk18on-1.76.jar;C:\Users\wujin\Downloads\apache-maven-3.9.10-bin\maven-repository\org\bouncycastle\bcpkix-jdk18on\1.76\bcpkix-jdk18on-1.76.jar;C:\Users\wujin\Downloads\apache-maven-3.9.10-bin\maven-repository\org\apache\tika\tika-parser-digest-commons\2.9.1\tika-parser-digest-commons-2.9.1.jar;C:\Users\wujin\Downloads\apache-maven-3.9.10-bin\maven-repository\org\apache\tika\tika-parser-font-module\2.9.1\tika-parser-font-module-2.9.1.jar;C:\Users\wujin\Downloads\apache-maven-3.9.10-bin\maven-repository\org\apache\pdfbox\fontbox\2.0.29\fontbox-2.0.29.jar;C:\Users\wujin\Downloads\apache-maven-3.9.10-bin\maven-repository\org\apache\tika\tika-parser-html-module\2.9.1\tika-parser-html-module-2.9.1.jar;C:\Users\wujin\Downloads\apache-maven-3.9.10-bin\maven-repository\org\apache\tika\tika-parser-image-module\2.9.1\tika-parser-image-module-2.9.1.jar;C:\Users\wujin\Downloads\apache-maven-3.9.10-bin\maven-repository\com\github\jai-imageio\jai-imageio-core\1.4.0\jai-imageio-core-1.4.0.jar;C:\Users\wujin\Downloads\apache-maven-3.9.10-bin\maven-repository\org\apache\pdfbox\jbig2-imageio\3.0.4\jbig2-imageio-3.0.4.jar;C:\Users\wujin\Downloads\apache-maven-3.9.10-bin\maven-repository\org\apache\tika\tika-parser-mail-module\2.9.1\tika-parser-mail-module-2.9.1.jar;C:\Users\wujin\Downloads\apache-maven-3.9.10-bin\maven-repository\org\apache\tika\tika-parser-mail-commons\2.9.1\tika-parser-mail-commons-2.9.1.jar;C:\Users\wujin\Downloads\apache-maven-3.9.10-bin\maven-repository\org\apache\james\apache-mime4j-core\0.8.9\apache-mime4j-core-0.8.9.jar;C:\Users\wujin\Downloads\apache-maven-3.9.10-bin\maven-repository\org\apache\james\apache-mime4j-dom\0.8.9\apache-mime4j-dom-0.8.9.jar;C:\Users\wujin\Downloads\apache-maven-3.9.10-bin\maven-repository\org\apache\tika\tika-parser-microsoft-module\2.9.1\tika-parser-microsoft-module-2.9.1.jar;C:\Users\wujin\Downloads\apache-maven-3.9.10-bin\maven-repository\com\pff\java-libpst\0.9.3\java-libpst-0.9.3.jar;C:\Users\wujin\Downloads\apache-maven-3.9.10-bin\maven-repository\org\apache\poi\poi\5.2.3\poi-5.2.3.jar;C:\Users\wujin\Downloads\apache-maven-3.9.10-bin\maven-repository\org\apache\commons\commons-math3\3.6.1\commons-math3-3.6.1.jar;C:\Users\wujin\Downloads\apache-maven-3.9.10-bin\maven-repository\com\zaxxer\SparseBitSet\1.2\SparseBitSet-1.2.jar;C:\Users\wujin\Downloads\apache-maven-3.9.10-bin\maven-repository\org\apache\logging\log4j\log4j-api\2.21.1\log4j-api-2.21.1.jar;C:\Users\wujin\Downloads\apache-maven-3.9.10-bin\maven-repository\org\apache\poi\poi-scratchpad\5.2.3\poi-scratchpad-5.2.3.jar;C:\Users\wujin\Downloads\apache-maven-3.9.10-bin\maven-repository\org\apache\poi\poi-ooxml\5.2.3\poi-ooxml-5.2.3.jar;C:\Users\wujin\Downloads\apache-maven-3.9.10-bin\maven-repository\org\apache\poi\poi-ooxml-lite\5.2.3\poi-ooxml-lite-5.2.3.jar;C:\Users\wujin\Downloads\apache-maven-3.9.10-bin\maven-repository\org\apache\xmlbeans\xmlbeans\5.1.1\xmlbeans-5.1.1.jar;C:\Users\wujin\Downloads\apache-maven-3.9.10-bin\maven-repository\com\github\virtuald\curvesapi\1.07\curvesapi-1.07.jar;C:\Users\wujin\Downloads\apache-maven-3.9.10-bin\maven-repository\commons-logging\commons-logging\1.2\commons-logging-1.2.jar;C:\Users\wujin\Downloads\apache-maven-3.9.10-bin\maven-repository\com\healthmarketscience\jackcess\jackcess\4.0.5\jackcess-4.0.5.jar;C:\Users\wujin\Downloads\apache-maven-3.9.10-bin\maven-repository\com\healthmarketscience\jackcess\jackcess-encrypt\4.0.2\jackcess-encrypt-4.0.2.jar;C:\Users\wujin\Downloads\apache-maven-3.9.10-bin\maven-repository\org\slf4j\jcl-over-slf4j\2.0.13\jcl-over-slf4j-2.0.13.jar;C:\Users\wujin\Downloads\apache-maven-3.9.10-bin\maven-repository\org\apache\tika\tika-parser-miscoffice-module\2.9.1\tika-parser-miscoffice-module-2.9.1.jar;C:\Users\wujin\Downloads\apache-maven-3.9.10-bin\maven-repository\org\apache\commons\commons-collections4\4.4\commons-collections4-4.4.jar;C:\Users\wujin\Downloads\apache-maven-3.9.10-bin\maven-repository\org\glassfish\jaxb\jaxb-runtime\4.0.5\jaxb-runtime-4.0.5.jar;C:\Users\wujin\Downloads\apache-maven-3.9.10-bin\maven-repository\org\glassfish\jaxb\jaxb-core\4.0.5\jaxb-core-4.0.5.jar;C:\Users\wujin\Downloads\apache-maven-3.9.10-bin\maven-repository\org\eclipse\angus\angus-activation\2.0.2\angus-activation-2.0.2.jar;C:\Users\wujin\Downloads\apache-maven-3.9.10-bin\maven-repository\org\glassfish\jaxb\txw2\4.0.5\txw2-4.0.5.jar;C:\Users\wujin\Downloads\apache-maven-3.9.10-bin\maven-repository\com\sun\istack\istack-commons-runtime\4.1.2\istack-commons-runtime-4.1.2.jar;C:\Users\wujin\Downloads\apache-maven-3.9.10-bin\maven-repository\org\apache\tika\tika-parser-news-module\2.9.1\tika-parser-news-module-2.9.1.jar;C:\Users\wujin\Downloads\apache-maven-3.9.10-bin\maven-repository\com\rometools\rome\2.1.0\rome-2.1.0.jar;C:\Users\wujin\Downloads\apache-maven-3.9.10-bin\maven-repository\com\rometools\rome-utils\2.1.0\rome-utils-2.1.0.jar;C:\Users\wujin\Downloads\apache-maven-3.9.10-bin\maven-repository\org\jdom\jdom2\2.0.6.1\jdom2-2.0.6.1.jar;C:\Users\wujin\Downloads\apache-maven-3.9.10-bin\maven-repository\org\apache\tika\tika-parser-ocr-module\2.9.1\tika-parser-ocr-module-2.9.1.jar;C:\Users\wujin\Downloads\apache-maven-3.9.10-bin\maven-repository\org\apache\commons\commons-exec\1.3\commons-exec-1.3.jar;C:\Users\wujin\Downloads\apache-maven-3.9.10-bin\maven-repository\org\apache\tika\tika-parser-pdf-module\2.9.1\tika-parser-pdf-module-2.9.1.jar;C:\Users\wujin\Downloads\apache-maven-3.9.10-bin\maven-repository\org\apache\pdfbox\pdfbox\2.0.29\pdfbox-2.0.29.jar;C:\Users\wujin\Downloads\apache-maven-3.9.10-bin\maven-repository\org\apache\pdfbox\pdfbox-tools\2.0.29\pdfbox-tools-2.0.29.jar;C:\Users\wujin\Downloads\apache-maven-3.9.10-bin\maven-repository\org\apache\pdfbox\jempbox\1.8.17\jempbox-1.8.17.jar;C:\Users\wujin\Downloads\apache-maven-3.9.10-bin\maven-repository\org\apache\tika\tika-parser-pkg-module\2.9.1\tika-parser-pkg-module-2.9.1.jar;C:\Users\wujin\Downloads\apache-maven-3.9.10-bin\maven-repository\org\tukaani\xz\1.9\xz-1.9.jar;C:\Users\wujin\Downloads\apache-maven-3.9.10-bin\maven-repository\org\brotli\dec\0.1.2\dec-0.1.2.jar;C:\Users\wujin\Downloads\apache-maven-3.9.10-bin\maven-repository\com\github\junrar\junrar\7.5.5\junrar-7.5.5.jar;C:\Users\wujin\Downloads\apache-maven-3.9.10-bin\maven-repository\org\apache\tika\tika-parser-text-module\2.9.1\tika-parser-text-module-2.9.1.jar;C:\Users\wujin\Downloads\apache-maven-3.9.10-bin\maven-repository\com\github\albfernandez\juniversalchardet\2.4.0\juniversalchardet-2.4.0.jar;C:\Users\wujin\Downloads\apache-maven-3.9.10-bin\maven-repository\org\apache\commons\commons-csv\1.10.0\commons-csv-1.10.0.jar;C:\Users\wujin\Downloads\apache-maven-3.9.10-bin\maven-repository\org\apache\tika\tika-parser-webarchive-module\2.9.1\tika-parser-webarchive-module-2.9.1.jar;C:\Users\wujin\Downloads\apache-maven-3.9.10-bin\maven-repository\org\netpreserve\jwarc\0.28.3\jwarc-0.28.3.jar;C:\Users\wujin\Downloads\apache-maven-3.9.10-bin\maven-repository\org\apache\tika\tika-parser-xml-module\2.9.1\tika-parser-xml-module-2.9.1.jar;C:\Users\wujin\Downloads\apache-maven-3.9.10-bin\maven-repository\xerces\xercesImpl\2.12.2\xercesImpl-2.12.2.jar;C:\Users\wujin\Downloads\apache-maven-3.9.10-bin\maven-repository\xml-apis\xml-apis\1.4.01\xml-apis-1.4.01.jar;C:\Users\wujin\Downloads\apache-maven-3.9.10-bin\maven-repository\org\apache\tika\tika-parser-xmp-commons\2.9.1\tika-parser-xmp-commons-2.9.1.jar;C:\Users\wujin\Downloads\apache-maven-3.9.10-bin\maven-repository\org\apache\pdfbox\xmpbox\2.0.29\xmpbox-2.0.29.jar;C:\Users\wujin\Downloads\apache-maven-3.9.10-bin\maven-repository\org\gagravarr\vorbis-java-tika\0.8\vorbis-java-tika-0.8.jar;C:\Users\wujin\Downloads\apache-maven-3.9.10-bin\maven-repository\org\gagravarr\vorbis-java-core\0.8\vorbis-java-core-0.8.jar;C:\Users\wujin\Downloads\apache-maven-3.9.10-bin\maven-repository\com\alibaba\easyexcel\3.3.4\easyexcel-3.3.4.jar;C:\Users\wujin\Downloads\apache-maven-3.9.10-bin\maven-repository\com\alibaba\easyexcel-core\3.3.4\easyexcel-core-3.3.4.jar;C:\Users\wujin\Downloads\apache-maven-3.9.10-bin\maven-repository\com\alibaba\easyexcel-support\3.3.4\easyexcel-support-3.3.4.jar;C:\Users\wujin\Downloads\apache-maven-3.9.10-bin\maven-repository\org\apache\poi\poi-ooxml-schemas\4.1.2\poi-ooxml-schemas-4.1.2.jar;C:\Users\wujin\Downloads\apache-maven-3.9.10-bin\maven-repository\org\ehcache\ehcache\3.10.8\ehcache-3.10.8.jar;C:\Users\wujin\Downloads\apache-maven-3.9.10-bin\maven-repository\javax\cache\cache-api\1.1.1\cache-api-1.1.1.jar;C:\Users\wujin\Downloads\apache-maven-3.9.10-bin\maven-repository\org\springframework\boot\spring-boot-starter-test\3.2.6\spring-boot-starter-test-3.2.6.jar;C:\Users\wujin\Downloads\apache-maven-3.9.10-bin\maven-repository\org\springframework\boot\spring-boot-test\3.2.6\spring-boot-test-3.2.6.jar;C:\Users\wujin\Downloads\apache-maven-3.9.10-bin\maven-repository\org\springframework\boot\spring-boot-test-autoconfigure\3.2.6\spring-boot-test-autoconfigure-3.2.6.jar;C:\Users\wujin\Downloads\apache-maven-3.9.10-bin\maven-repository\com\jayway\jsonpath\json-path\2.9.0\json-path-2.9.0.jar;C:\Users\wujin\Downloads\apache-maven-3.9.10-bin\maven-repository\jakarta\xml\bind\jakarta.xml.bind-api\4.0.2\jakarta.xml.bind-api-4.0.2.jar;C:\Users\wujin\Downloads\apache-maven-3.9.10-bin\maven-repository\jakarta\activation\jakarta.activation-api\2.1.3\jakarta.activation-api-2.1.3.jar;C:\Users\wujin\Downloads\apache-maven-3.9.10-bin\maven-repository\net\minidev\json-smart\2.5.1\json-smart-2.5.1.jar;C:\Users\wujin\Downloads\apache-maven-3.9.10-bin\maven-repository\net\minidev\accessors-smart\2.5.1\accessors-smart-2.5.1.jar;C:\Users\wujin\Downloads\apache-maven-3.9.10-bin\maven-repository\org\assertj\assertj-core\3.24.2\assertj-core-3.24.2.jar;C:\Users\wujin\Downloads\apache-maven-3.9.10-bin\maven-repository\net\bytebuddy\byte-buddy\1.14.16\byte-buddy-1.14.16.jar;C:\Users\wujin\Downloads\apache-maven-3.9.10-bin\maven-repository\org\awaitility\awaitility\4.2.1\awaitility-4.2.1.jar;C:\Users\wujin\Downloads\apache-maven-3.9.10-bin\maven-repository\org\hamcrest\hamcrest\2.2\hamcrest-2.2.jar;C:\Users\wujin\Downloads\apache-maven-3.9.10-bin\maven-repository\org\mockito\mockito-core\5.7.0\mockito-core-5.7.0.jar;C:\Users\wujin\Downloads\apache-maven-3.9.10-bin\maven-repository\net\bytebuddy\byte-buddy-agent\1.14.16\byte-buddy-agent-1.14.16.jar;C:\Users\wujin\Downloads\apache-maven-3.9.10-bin\maven-repository\org\objenesis\objenesis\3.3\objenesis-3.3.jar;C:\Users\wujin\Downloads\apache-maven-3.9.10-bin\maven-repository\org\mockito\mockito-junit-jupiter\5.7.0\mockito-junit-jupiter-5.7.0.jar;C:\Users\wujin\Downloads\apache-maven-3.9.10-bin\maven-repository\org\skyscreamer\jsonassert\1.5.1\jsonassert-1.5.1.jar;C:\Users\wujin\Downloads\apache-maven-3.9.10-bin\maven-repository\com\vaadin\external\google\android-json\0.0.20131108.vaadin1\android-json-0.0.20131108.vaadin1.jar;C:\Users\wujin\Downloads\apache-maven-3.9.10-bin\maven-repository\org\springframework\spring-core\6.1.8\spring-core-6.1.8.jar;C:\Users\wujin\Downloads\apache-maven-3.9.10-bin\maven-repository\org\springframework\spring-jcl\6.1.8\spring-jcl-6.1.8.jar;C:\Users\wujin\Downloads\apache-maven-3.9.10-bin\maven-repository\org\springframework\spring-test\6.1.8\spring-test-6.1.8.jar;C:\Users\wujin\Downloads\apache-maven-3.9.10-bin\maven-repository\org\xmlunit\xmlunit-core\2.9.1\xmlunit-core-2.9.1.jar;C:\Users\wujin\Downloads\apache-maven-3.9.10-bin\maven-repository\com\h2database\h2\2.2.224\h2-2.2.224.jar;"/>
    <property name="java.vm.vendor" value="Eclipse Adoptium"/>
    <property name="sun.arch.data.model" value="64"/>
    <property name="user.variant" value=""/>
    <property name="java.vendor.url" value="https://adoptium.net/"/>
    <property name="user.timezone" value="Asia/Shanghai"/>
    <property name="org.jboss.logging.provider" value="slf4j"/>
    <property name="os.name" value="Windows 11"/>
    <property name="java.vm.specification.version" value="17"/>
    <property name="sun.java.launcher" value="SUN_STANDARD"/>
    <property name="user.country" value="CN"/>
    <property name="sun.boot.library.path" value="C:\Program Files\Eclipse Adoptium\jdk-17.0.15.6-hotspot\bin"/>
    <property name="sun.java.command" value="C:\Users\wujin\AppData\Local\Temp\surefire17245669722964360480\surefirebooter-20250628153259945_3.jar C:\Users\wujin\AppData\Local\Temp\surefire17245669722964360480 2025-06-28T15-32-59_733-jvmRun1 surefire-20250628153259945_1tmp surefire_0-20250628153259945_2tmp"/>
    <property name="jdk.debug" value="release"/>
    <property name="surefire.test.class.path" value="C:\Users\wujin\Desktop\ai-course-platform\backend\target\test-classes;C:\Users\wujin\Desktop\ai-course-platform\backend\target\classes;C:\Users\wujin\Downloads\apache-maven-3.9.10-bin\maven-repository\org\springframework\boot\spring-boot-starter-web\3.2.6\spring-boot-starter-web-3.2.6.jar;C:\Users\wujin\Downloads\apache-maven-3.9.10-bin\maven-repository\org\springframework\boot\spring-boot-starter\3.2.6\spring-boot-starter-3.2.6.jar;C:\Users\wujin\Downloads\apache-maven-3.9.10-bin\maven-repository\org\springframework\boot\spring-boot\3.2.6\spring-boot-3.2.6.jar;C:\Users\wujin\Downloads\apache-maven-3.9.10-bin\maven-repository\org\springframework\boot\spring-boot-starter-logging\3.2.6\spring-boot-starter-logging-3.2.6.jar;C:\Users\wujin\Downloads\apache-maven-3.9.10-bin\maven-repository\ch\qos\logback\logback-classic\1.4.14\logback-classic-1.4.14.jar;C:\Users\wujin\Downloads\apache-maven-3.9.10-bin\maven-repository\ch\qos\logback\logback-core\1.4.14\logback-core-1.4.14.jar;C:\Users\wujin\Downloads\apache-maven-3.9.10-bin\maven-repository\org\apache\logging\log4j\log4j-to-slf4j\2.21.1\log4j-to-slf4j-2.21.1.jar;C:\Users\wujin\Downloads\apache-maven-3.9.10-bin\maven-repository\org\slf4j\jul-to-slf4j\2.0.13\jul-to-slf4j-2.0.13.jar;C:\Users\wujin\Downloads\apache-maven-3.9.10-bin\maven-repository\jakarta\annotation\jakarta.annotation-api\2.1.1\jakarta.annotation-api-2.1.1.jar;C:\Users\wujin\Downloads\apache-maven-3.9.10-bin\maven-repository\org\yaml\snakeyaml\2.2\snakeyaml-2.2.jar;C:\Users\wujin\Downloads\apache-maven-3.9.10-bin\maven-repository\org\springframework\boot\spring-boot-starter-json\3.2.6\spring-boot-starter-json-3.2.6.jar;C:\Users\wujin\Downloads\apache-maven-3.9.10-bin\maven-repository\com\fasterxml\jackson\datatype\jackson-datatype-jdk8\2.15.4\jackson-datatype-jdk8-2.15.4.jar;C:\Users\wujin\Downloads\apache-maven-3.9.10-bin\maven-repository\com\fasterxml\jackson\datatype\jackson-datatype-jsr310\2.15.4\jackson-datatype-jsr310-2.15.4.jar;C:\Users\wujin\Downloads\apache-maven-3.9.10-bin\maven-repository\com\fasterxml\jackson\module\jackson-module-parameter-names\2.15.4\jackson-module-parameter-names-2.15.4.jar;C:\Users\wujin\Downloads\apache-maven-3.9.10-bin\maven-repository\org\springframework\boot\spring-boot-starter-tomcat\3.2.6\spring-boot-starter-tomcat-3.2.6.jar;C:\Users\wujin\Downloads\apache-maven-3.9.10-bin\maven-repository\org\apache\tomcat\embed\tomcat-embed-core\10.1.24\tomcat-embed-core-10.1.24.jar;C:\Users\wujin\Downloads\apache-maven-3.9.10-bin\maven-repository\org\apache\tomcat\embed\tomcat-embed-websocket\10.1.24\tomcat-embed-websocket-10.1.24.jar;C:\Users\wujin\Downloads\apache-maven-3.9.10-bin\maven-repository\org\springframework\spring-web\6.1.8\spring-web-6.1.8.jar;C:\Users\wujin\Downloads\apache-maven-3.9.10-bin\maven-repository\org\springframework\spring-beans\6.1.8\spring-beans-6.1.8.jar;C:\Users\wujin\Downloads\apache-maven-3.9.10-bin\maven-repository\org\springframework\spring-webmvc\6.1.8\spring-webmvc-6.1.8.jar;C:\Users\wujin\Downloads\apache-maven-3.9.10-bin\maven-repository\org\springframework\spring-aop\6.1.8\spring-aop-6.1.8.jar;C:\Users\wujin\Downloads\apache-maven-3.9.10-bin\maven-repository\org\springframework\spring-context\6.1.8\spring-context-6.1.8.jar;C:\Users\wujin\Downloads\apache-maven-3.9.10-bin\maven-repository\org\springframework\spring-expression\6.1.8\spring-expression-6.1.8.jar;C:\Users\wujin\Downloads\apache-maven-3.9.10-bin\maven-repository\com\baomidou\mybatis-plus-spring-boot3-starter\3.5.6\mybatis-plus-spring-boot3-starter-3.5.6.jar;C:\Users\wujin\Downloads\apache-maven-3.9.10-bin\maven-repository\com\baomidou\mybatis-plus\3.5.6\mybatis-plus-3.5.6.jar;C:\Users\wujin\Downloads\apache-maven-3.9.10-bin\maven-repository\com\baomidou\mybatis-plus-core\3.5.6\mybatis-plus-core-3.5.6.jar;C:\Users\wujin\Downloads\apache-maven-3.9.10-bin\maven-repository\com\baomidou\mybatis-plus-annotation\3.5.6\mybatis-plus-annotation-3.5.6.jar;C:\Users\wujin\Downloads\apache-maven-3.9.10-bin\maven-repository\com\baomidou\mybatis-plus-extension\3.5.6\mybatis-plus-extension-3.5.6.jar;C:\Users\wujin\Downloads\apache-maven-3.9.10-bin\maven-repository\org\mybatis\mybatis\3.5.16\mybatis-3.5.16.jar;C:\Users\wujin\Downloads\apache-maven-3.9.10-bin\maven-repository\com\github\jsqlparser\jsqlparser\4.9\jsqlparser-4.9.jar;C:\Users\wujin\Downloads\apache-maven-3.9.10-bin\maven-repository\org\mybatis\mybatis-spring\3.0.3\mybatis-spring-3.0.3.jar;C:\Users\wujin\Downloads\apache-maven-3.9.10-bin\maven-repository\com\baomidou\mybatis-plus-spring-boot-autoconfigure\3.5.6\mybatis-plus-spring-boot-autoconfigure-3.5.6.jar;C:\Users\wujin\Downloads\apache-maven-3.9.10-bin\maven-repository\org\springframework\boot\spring-boot-autoconfigure\3.2.6\spring-boot-autoconfigure-3.2.6.jar;C:\Users\wujin\Downloads\apache-maven-3.9.10-bin\maven-repository\org\springframework\boot\spring-boot-starter-jdbc\3.2.6\spring-boot-starter-jdbc-3.2.6.jar;C:\Users\wujin\Downloads\apache-maven-3.9.10-bin\maven-repository\com\zaxxer\HikariCP\5.0.1\HikariCP-5.0.1.jar;C:\Users\wujin\Downloads\apache-maven-3.9.10-bin\maven-repository\org\springframework\spring-jdbc\6.1.8\spring-jdbc-6.1.8.jar;C:\Users\wujin\Downloads\apache-maven-3.9.10-bin\maven-repository\org\springframework\spring-tx\6.1.8\spring-tx-6.1.8.jar;C:\Users\wujin\Downloads\apache-maven-3.9.10-bin\maven-repository\com\mysql\mysql-connector-j\8.2.0\mysql-connector-j-8.2.0.jar;C:\Users\wujin\Downloads\apache-maven-3.9.10-bin\maven-repository\org\projectlombok\lombok\1.18.32\lombok-1.18.32.jar;C:\Users\wujin\Downloads\apache-maven-3.9.10-bin\maven-repository\io\minio\minio\8.5.10\minio-8.5.10.jar;C:\Users\wujin\Downloads\apache-maven-3.9.10-bin\maven-repository\com\carrotsearch\thirdparty\simple-xml-safe\2.7.1\simple-xml-safe-2.7.1.jar;C:\Users\wujin\Downloads\apache-maven-3.9.10-bin\maven-repository\com\google\guava\guava\33.0.0-jre\guava-33.0.0-jre.jar;C:\Users\wujin\Downloads\apache-maven-3.9.10-bin\maven-repository\com\google\guava\failureaccess\1.0.2\failureaccess-1.0.2.jar;C:\Users\wujin\Downloads\apache-maven-3.9.10-bin\maven-repository\com\google\guava\listenablefuture\9999.0-empty-to-avoid-conflict-with-guava\listenablefuture-9999.0-empty-to-avoid-conflict-with-guava.jar;C:\Users\wujin\Downloads\apache-maven-3.9.10-bin\maven-repository\com\google\code\findbugs\jsr305\3.0.2\jsr305-3.0.2.jar;C:\Users\wujin\Downloads\apache-maven-3.9.10-bin\maven-repository\org\checkerframework\checker-qual\3.41.0\checker-qual-3.41.0.jar;C:\Users\wujin\Downloads\apache-maven-3.9.10-bin\maven-repository\com\google\errorprone\error_prone_annotations\2.23.0\error_prone_annotations-2.23.0.jar;C:\Users\wujin\Downloads\apache-maven-3.9.10-bin\maven-repository\com\google\j2objc\j2objc-annotations\2.8\j2objc-annotations-2.8.jar;C:\Users\wujin\Downloads\apache-maven-3.9.10-bin\maven-repository\com\squareup\okhttp3\okhttp\4.12.0\okhttp-4.12.0.jar;C:\Users\wujin\Downloads\apache-maven-3.9.10-bin\maven-repository\com\squareup\okio\okio\3.6.0\okio-3.6.0.jar;C:\Users\wujin\Downloads\apache-maven-3.9.10-bin\maven-repository\com\squareup\okio\okio-jvm\3.6.0\okio-jvm-3.6.0.jar;C:\Users\wujin\Downloads\apache-maven-3.9.10-bin\maven-repository\org\jetbrains\kotlin\kotlin-stdlib-common\1.9.24\kotlin-stdlib-common-1.9.24.jar;C:\Users\wujin\Downloads\apache-maven-3.9.10-bin\maven-repository\org\jetbrains\kotlin\kotlin-stdlib-jdk8\1.9.24\kotlin-stdlib-jdk8-1.9.24.jar;C:\Users\wujin\Downloads\apache-maven-3.9.10-bin\maven-repository\org\jetbrains\kotlin\kotlin-stdlib\1.9.24\kotlin-stdlib-1.9.24.jar;C:\Users\wujin\Downloads\apache-maven-3.9.10-bin\maven-repository\org\jetbrains\annotations\13.0\annotations-13.0.jar;C:\Users\wujin\Downloads\apache-maven-3.9.10-bin\maven-repository\org\jetbrains\kotlin\kotlin-stdlib-jdk7\1.9.24\kotlin-stdlib-jdk7-1.9.24.jar;C:\Users\wujin\Downloads\apache-maven-3.9.10-bin\maven-repository\com\fasterxml\jackson\core\jackson-annotations\2.15.4\jackson-annotations-2.15.4.jar;C:\Users\wujin\Downloads\apache-maven-3.9.10-bin\maven-repository\com\fasterxml\jackson\core\jackson-core\2.15.4\jackson-core-2.15.4.jar;C:\Users\wujin\Downloads\apache-maven-3.9.10-bin\maven-repository\com\fasterxml\jackson\core\jackson-databind\2.15.4\jackson-databind-2.15.4.jar;C:\Users\wujin\Downloads\apache-maven-3.9.10-bin\maven-repository\org\bouncycastle\bcprov-jdk18on\1.78\bcprov-jdk18on-1.78.jar;C:\Users\wujin\Downloads\apache-maven-3.9.10-bin\maven-repository\org\apache\commons\commons-compress\1.26.0\commons-compress-1.26.0.jar;C:\Users\wujin\Downloads\apache-maven-3.9.10-bin\maven-repository\org\apache\commons\commons-lang3\3.13.0\commons-lang3-3.13.0.jar;C:\Users\wujin\Downloads\apache-maven-3.9.10-bin\maven-repository\commons-codec\commons-codec\1.16.1\commons-codec-1.16.1.jar;C:\Users\wujin\Downloads\apache-maven-3.9.10-bin\maven-repository\org\xerial\snappy\snappy-java\1.1.10.5\snappy-java-1.1.10.5.jar;C:\Users\wujin\Downloads\apache-maven-3.9.10-bin\maven-repository\org\springframework\boot\spring-boot-starter-validation\3.2.6\spring-boot-starter-validation-3.2.6.jar;C:\Users\wujin\Downloads\apache-maven-3.9.10-bin\maven-repository\org\apache\tomcat\embed\tomcat-embed-el\10.1.24\tomcat-embed-el-10.1.24.jar;C:\Users\wujin\Downloads\apache-maven-3.9.10-bin\maven-repository\org\hibernate\validator\hibernate-validator\8.0.1.Final\hibernate-validator-8.0.1.Final.jar;C:\Users\wujin\Downloads\apache-maven-3.9.10-bin\maven-repository\jakarta\validation\jakarta.validation-api\3.0.2\jakarta.validation-api-3.0.2.jar;C:\Users\wujin\Downloads\apache-maven-3.9.10-bin\maven-repository\org\jboss\logging\jboss-logging\3.5.3.Final\jboss-logging-3.5.3.Final.jar;C:\Users\wujin\Downloads\apache-maven-3.9.10-bin\maven-repository\com\fasterxml\classmate\1.6.0\classmate-1.6.0.jar;C:\Users\wujin\Downloads\apache-maven-3.9.10-bin\maven-repository\org\springframework\boot\spring-boot-configuration-processor\3.2.6\spring-boot-configuration-processor-3.2.6.jar;C:\Users\wujin\Downloads\apache-maven-3.9.10-bin\maven-repository\org\springframework\boot\spring-boot-starter-actuator\3.2.6\spring-boot-starter-actuator-3.2.6.jar;C:\Users\wujin\Downloads\apache-maven-3.9.10-bin\maven-repository\org\springframework\boot\spring-boot-actuator-autoconfigure\3.2.6\spring-boot-actuator-autoconfigure-3.2.6.jar;C:\Users\wujin\Downloads\apache-maven-3.9.10-bin\maven-repository\org\springframework\boot\spring-boot-actuator\3.2.6\spring-boot-actuator-3.2.6.jar;C:\Users\wujin\Downloads\apache-maven-3.9.10-bin\maven-repository\io\micrometer\micrometer-observation\1.12.6\micrometer-observation-1.12.6.jar;C:\Users\wujin\Downloads\apache-maven-3.9.10-bin\maven-repository\io\micrometer\micrometer-commons\1.12.6\micrometer-commons-1.12.6.jar;C:\Users\wujin\Downloads\apache-maven-3.9.10-bin\maven-repository\io\micrometer\micrometer-jakarta9\1.12.6\micrometer-jakarta9-1.12.6.jar;C:\Users\wujin\Downloads\apache-maven-3.9.10-bin\maven-repository\io\micrometer\micrometer-core\1.12.6\micrometer-core-1.12.6.jar;C:\Users\wujin\Downloads\apache-maven-3.9.10-bin\maven-repository\org\hdrhistogram\HdrHistogram\2.1.12\HdrHistogram-2.1.12.jar;C:\Users\wujin\Downloads\apache-maven-3.9.10-bin\maven-repository\org\latencyutils\LatencyUtils\2.0.3\LatencyUtils-2.0.3.jar;C:\Users\wujin\Downloads\apache-maven-3.9.10-bin\maven-repository\org\junit\jupiter\junit-jupiter\5.9.2\junit-jupiter-5.9.2.jar;C:\Users\wujin\Downloads\apache-maven-3.9.10-bin\maven-repository\org\junit\jupiter\junit-jupiter-api\5.10.2\junit-jupiter-api-5.10.2.jar;C:\Users\wujin\Downloads\apache-maven-3.9.10-bin\maven-repository\org\opentest4j\opentest4j\1.3.0\opentest4j-1.3.0.jar;C:\Users\wujin\Downloads\apache-maven-3.9.10-bin\maven-repository\org\junit\platform\junit-platform-commons\1.10.2\junit-platform-commons-1.10.2.jar;C:\Users\wujin\Downloads\apache-maven-3.9.10-bin\maven-repository\org\apiguardian\apiguardian-api\1.1.2\apiguardian-api-1.1.2.jar;C:\Users\wujin\Downloads\apache-maven-3.9.10-bin\maven-repository\org\junit\jupiter\junit-jupiter-params\5.10.2\junit-jupiter-params-5.10.2.jar;C:\Users\wujin\Downloads\apache-maven-3.9.10-bin\maven-repository\org\junit\jupiter\junit-jupiter-engine\5.10.2\junit-jupiter-engine-5.10.2.jar;C:\Users\wujin\Downloads\apache-maven-3.9.10-bin\maven-repository\org\junit\platform\junit-platform-engine\1.10.2\junit-platform-engine-1.10.2.jar;C:\Users\wujin\Downloads\apache-maven-3.9.10-bin\maven-repository\org\apache\tika\tika-core\2.9.1\tika-core-2.9.1.jar;C:\Users\wujin\Downloads\apache-maven-3.9.10-bin\maven-repository\org\slf4j\slf4j-api\2.0.13\slf4j-api-2.0.13.jar;C:\Users\wujin\Downloads\apache-maven-3.9.10-bin\maven-repository\commons-io\commons-io\2.14.0\commons-io-2.14.0.jar;C:\Users\wujin\Downloads\apache-maven-3.9.10-bin\maven-repository\org\apache\tika\tika-parsers-standard-package\2.9.1\tika-parsers-standard-package-2.9.1.jar;C:\Users\wujin\Downloads\apache-maven-3.9.10-bin\maven-repository\org\apache\tika\tika-parser-apple-module\2.9.1\tika-parser-apple-module-2.9.1.jar;C:\Users\wujin\Downloads\apache-maven-3.9.10-bin\maven-repository\org\apache\tika\tika-parser-zip-commons\2.9.1\tika-parser-zip-commons-2.9.1.jar;C:\Users\wujin\Downloads\apache-maven-3.9.10-bin\maven-repository\com\googlecode\plist\dd-plist\1.27\dd-plist-1.27.jar;C:\Users\wujin\Downloads\apache-maven-3.9.10-bin\maven-repository\org\apache\tika\tika-parser-audiovideo-module\2.9.1\tika-parser-audiovideo-module-2.9.1.jar;C:\Users\wujin\Downloads\apache-maven-3.9.10-bin\maven-repository\com\drewnoakes\metadata-extractor\2.18.0\metadata-extractor-2.18.0.jar;C:\Users\wujin\Downloads\apache-maven-3.9.10-bin\maven-repository\com\adobe\xmp\xmpcore\6.1.11\xmpcore-6.1.11.jar;C:\Users\wujin\Downloads\apache-maven-3.9.10-bin\maven-repository\org\apache\tika\tika-parser-cad-module\2.9.1\tika-parser-cad-module-2.9.1.jar;C:\Users\wujin\Downloads\apache-maven-3.9.10-bin\maven-repository\org\apache\tika\tika-parser-code-module\2.9.1\tika-parser-code-module-2.9.1.jar;C:\Users\wujin\Downloads\apache-maven-3.9.10-bin\maven-repository\org\codelibs\jhighlight\1.1.0\jhighlight-1.1.0.jar;C:\Users\wujin\Downloads\apache-maven-3.9.10-bin\maven-repository\org\ccil\cowan\tagsoup\tagsoup\1.2.1\tagsoup-1.2.1.jar;C:\Users\wujin\Downloads\apache-maven-3.9.10-bin\maven-repository\org\ow2\asm\asm\9.6\asm-9.6.jar;C:\Users\wujin\Downloads\apache-maven-3.9.10-bin\maven-repository\com\epam\parso\2.0.14\parso-2.0.14.jar;C:\Users\wujin\Downloads\apache-maven-3.9.10-bin\maven-repository\org\tallison\jmatio\1.5\jmatio-1.5.jar;C:\Users\wujin\Downloads\apache-maven-3.9.10-bin\maven-repository\org\apache\tika\tika-parser-crypto-module\2.9.1\tika-parser-crypto-module-2.9.1.jar;C:\Users\wujin\Downloads\apache-maven-3.9.10-bin\maven-repository\org\bouncycastle\bcmail-jdk18on\1.76\bcmail-jdk18on-1.76.jar;C:\Users\wujin\Downloads\apache-maven-3.9.10-bin\maven-repository\org\bouncycastle\bcutil-jdk18on\1.76\bcutil-jdk18on-1.76.jar;C:\Users\wujin\Downloads\apache-maven-3.9.10-bin\maven-repository\org\bouncycastle\bcpkix-jdk18on\1.76\bcpkix-jdk18on-1.76.jar;C:\Users\wujin\Downloads\apache-maven-3.9.10-bin\maven-repository\org\apache\tika\tika-parser-digest-commons\2.9.1\tika-parser-digest-commons-2.9.1.jar;C:\Users\wujin\Downloads\apache-maven-3.9.10-bin\maven-repository\org\apache\tika\tika-parser-font-module\2.9.1\tika-parser-font-module-2.9.1.jar;C:\Users\wujin\Downloads\apache-maven-3.9.10-bin\maven-repository\org\apache\pdfbox\fontbox\2.0.29\fontbox-2.0.29.jar;C:\Users\wujin\Downloads\apache-maven-3.9.10-bin\maven-repository\org\apache\tika\tika-parser-html-module\2.9.1\tika-parser-html-module-2.9.1.jar;C:\Users\wujin\Downloads\apache-maven-3.9.10-bin\maven-repository\org\apache\tika\tika-parser-image-module\2.9.1\tika-parser-image-module-2.9.1.jar;C:\Users\wujin\Downloads\apache-maven-3.9.10-bin\maven-repository\com\github\jai-imageio\jai-imageio-core\1.4.0\jai-imageio-core-1.4.0.jar;C:\Users\wujin\Downloads\apache-maven-3.9.10-bin\maven-repository\org\apache\pdfbox\jbig2-imageio\3.0.4\jbig2-imageio-3.0.4.jar;C:\Users\wujin\Downloads\apache-maven-3.9.10-bin\maven-repository\org\apache\tika\tika-parser-mail-module\2.9.1\tika-parser-mail-module-2.9.1.jar;C:\Users\wujin\Downloads\apache-maven-3.9.10-bin\maven-repository\org\apache\tika\tika-parser-mail-commons\2.9.1\tika-parser-mail-commons-2.9.1.jar;C:\Users\wujin\Downloads\apache-maven-3.9.10-bin\maven-repository\org\apache\james\apache-mime4j-core\0.8.9\apache-mime4j-core-0.8.9.jar;C:\Users\wujin\Downloads\apache-maven-3.9.10-bin\maven-repository\org\apache\james\apache-mime4j-dom\0.8.9\apache-mime4j-dom-0.8.9.jar;C:\Users\wujin\Downloads\apache-maven-3.9.10-bin\maven-repository\org\apache\tika\tika-parser-microsoft-module\2.9.1\tika-parser-microsoft-module-2.9.1.jar;C:\Users\wujin\Downloads\apache-maven-3.9.10-bin\maven-repository\com\pff\java-libpst\0.9.3\java-libpst-0.9.3.jar;C:\Users\wujin\Downloads\apache-maven-3.9.10-bin\maven-repository\org\apache\poi\poi\5.2.3\poi-5.2.3.jar;C:\Users\wujin\Downloads\apache-maven-3.9.10-bin\maven-repository\org\apache\commons\commons-math3\3.6.1\commons-math3-3.6.1.jar;C:\Users\wujin\Downloads\apache-maven-3.9.10-bin\maven-repository\com\zaxxer\SparseBitSet\1.2\SparseBitSet-1.2.jar;C:\Users\wujin\Downloads\apache-maven-3.9.10-bin\maven-repository\org\apache\logging\log4j\log4j-api\2.21.1\log4j-api-2.21.1.jar;C:\Users\wujin\Downloads\apache-maven-3.9.10-bin\maven-repository\org\apache\poi\poi-scratchpad\5.2.3\poi-scratchpad-5.2.3.jar;C:\Users\wujin\Downloads\apache-maven-3.9.10-bin\maven-repository\org\apache\poi\poi-ooxml\5.2.3\poi-ooxml-5.2.3.jar;C:\Users\wujin\Downloads\apache-maven-3.9.10-bin\maven-repository\org\apache\poi\poi-ooxml-lite\5.2.3\poi-ooxml-lite-5.2.3.jar;C:\Users\wujin\Downloads\apache-maven-3.9.10-bin\maven-repository\org\apache\xmlbeans\xmlbeans\5.1.1\xmlbeans-5.1.1.jar;C:\Users\wujin\Downloads\apache-maven-3.9.10-bin\maven-repository\com\github\virtuald\curvesapi\1.07\curvesapi-1.07.jar;C:\Users\wujin\Downloads\apache-maven-3.9.10-bin\maven-repository\commons-logging\commons-logging\1.2\commons-logging-1.2.jar;C:\Users\wujin\Downloads\apache-maven-3.9.10-bin\maven-repository\com\healthmarketscience\jackcess\jackcess\4.0.5\jackcess-4.0.5.jar;C:\Users\wujin\Downloads\apache-maven-3.9.10-bin\maven-repository\com\healthmarketscience\jackcess\jackcess-encrypt\4.0.2\jackcess-encrypt-4.0.2.jar;C:\Users\wujin\Downloads\apache-maven-3.9.10-bin\maven-repository\org\slf4j\jcl-over-slf4j\2.0.13\jcl-over-slf4j-2.0.13.jar;C:\Users\wujin\Downloads\apache-maven-3.9.10-bin\maven-repository\org\apache\tika\tika-parser-miscoffice-module\2.9.1\tika-parser-miscoffice-module-2.9.1.jar;C:\Users\wujin\Downloads\apache-maven-3.9.10-bin\maven-repository\org\apache\commons\commons-collections4\4.4\commons-collections4-4.4.jar;C:\Users\wujin\Downloads\apache-maven-3.9.10-bin\maven-repository\org\glassfish\jaxb\jaxb-runtime\4.0.5\jaxb-runtime-4.0.5.jar;C:\Users\wujin\Downloads\apache-maven-3.9.10-bin\maven-repository\org\glassfish\jaxb\jaxb-core\4.0.5\jaxb-core-4.0.5.jar;C:\Users\wujin\Downloads\apache-maven-3.9.10-bin\maven-repository\org\eclipse\angus\angus-activation\2.0.2\angus-activation-2.0.2.jar;C:\Users\wujin\Downloads\apache-maven-3.9.10-bin\maven-repository\org\glassfish\jaxb\txw2\4.0.5\txw2-4.0.5.jar;C:\Users\wujin\Downloads\apache-maven-3.9.10-bin\maven-repository\com\sun\istack\istack-commons-runtime\4.1.2\istack-commons-runtime-4.1.2.jar;C:\Users\wujin\Downloads\apache-maven-3.9.10-bin\maven-repository\org\apache\tika\tika-parser-news-module\2.9.1\tika-parser-news-module-2.9.1.jar;C:\Users\wujin\Downloads\apache-maven-3.9.10-bin\maven-repository\com\rometools\rome\2.1.0\rome-2.1.0.jar;C:\Users\wujin\Downloads\apache-maven-3.9.10-bin\maven-repository\com\rometools\rome-utils\2.1.0\rome-utils-2.1.0.jar;C:\Users\wujin\Downloads\apache-maven-3.9.10-bin\maven-repository\org\jdom\jdom2\2.0.6.1\jdom2-2.0.6.1.jar;C:\Users\wujin\Downloads\apache-maven-3.9.10-bin\maven-repository\org\apache\tika\tika-parser-ocr-module\2.9.1\tika-parser-ocr-module-2.9.1.jar;C:\Users\wujin\Downloads\apache-maven-3.9.10-bin\maven-repository\org\apache\commons\commons-exec\1.3\commons-exec-1.3.jar;C:\Users\wujin\Downloads\apache-maven-3.9.10-bin\maven-repository\org\apache\tika\tika-parser-pdf-module\2.9.1\tika-parser-pdf-module-2.9.1.jar;C:\Users\wujin\Downloads\apache-maven-3.9.10-bin\maven-repository\org\apache\pdfbox\pdfbox\2.0.29\pdfbox-2.0.29.jar;C:\Users\wujin\Downloads\apache-maven-3.9.10-bin\maven-repository\org\apache\pdfbox\pdfbox-tools\2.0.29\pdfbox-tools-2.0.29.jar;C:\Users\wujin\Downloads\apache-maven-3.9.10-bin\maven-repository\org\apache\pdfbox\jempbox\1.8.17\jempbox-1.8.17.jar;C:\Users\wujin\Downloads\apache-maven-3.9.10-bin\maven-repository\org\apache\tika\tika-parser-pkg-module\2.9.1\tika-parser-pkg-module-2.9.1.jar;C:\Users\wujin\Downloads\apache-maven-3.9.10-bin\maven-repository\org\tukaani\xz\1.9\xz-1.9.jar;C:\Users\wujin\Downloads\apache-maven-3.9.10-bin\maven-repository\org\brotli\dec\0.1.2\dec-0.1.2.jar;C:\Users\wujin\Downloads\apache-maven-3.9.10-bin\maven-repository\com\github\junrar\junrar\7.5.5\junrar-7.5.5.jar;C:\Users\wujin\Downloads\apache-maven-3.9.10-bin\maven-repository\org\apache\tika\tika-parser-text-module\2.9.1\tika-parser-text-module-2.9.1.jar;C:\Users\wujin\Downloads\apache-maven-3.9.10-bin\maven-repository\com\github\albfernandez\juniversalchardet\2.4.0\juniversalchardet-2.4.0.jar;C:\Users\wujin\Downloads\apache-maven-3.9.10-bin\maven-repository\org\apache\commons\commons-csv\1.10.0\commons-csv-1.10.0.jar;C:\Users\wujin\Downloads\apache-maven-3.9.10-bin\maven-repository\org\apache\tika\tika-parser-webarchive-module\2.9.1\tika-parser-webarchive-module-2.9.1.jar;C:\Users\wujin\Downloads\apache-maven-3.9.10-bin\maven-repository\org\netpreserve\jwarc\0.28.3\jwarc-0.28.3.jar;C:\Users\wujin\Downloads\apache-maven-3.9.10-bin\maven-repository\org\apache\tika\tika-parser-xml-module\2.9.1\tika-parser-xml-module-2.9.1.jar;C:\Users\wujin\Downloads\apache-maven-3.9.10-bin\maven-repository\xerces\xercesImpl\2.12.2\xercesImpl-2.12.2.jar;C:\Users\wujin\Downloads\apache-maven-3.9.10-bin\maven-repository\xml-apis\xml-apis\1.4.01\xml-apis-1.4.01.jar;C:\Users\wujin\Downloads\apache-maven-3.9.10-bin\maven-repository\org\apache\tika\tika-parser-xmp-commons\2.9.1\tika-parser-xmp-commons-2.9.1.jar;C:\Users\wujin\Downloads\apache-maven-3.9.10-bin\maven-repository\org\apache\pdfbox\xmpbox\2.0.29\xmpbox-2.0.29.jar;C:\Users\wujin\Downloads\apache-maven-3.9.10-bin\maven-repository\org\gagravarr\vorbis-java-tika\0.8\vorbis-java-tika-0.8.jar;C:\Users\wujin\Downloads\apache-maven-3.9.10-bin\maven-repository\org\gagravarr\vorbis-java-core\0.8\vorbis-java-core-0.8.jar;C:\Users\wujin\Downloads\apache-maven-3.9.10-bin\maven-repository\com\alibaba\easyexcel\3.3.4\easyexcel-3.3.4.jar;C:\Users\wujin\Downloads\apache-maven-3.9.10-bin\maven-repository\com\alibaba\easyexcel-core\3.3.4\easyexcel-core-3.3.4.jar;C:\Users\wujin\Downloads\apache-maven-3.9.10-bin\maven-repository\com\alibaba\easyexcel-support\3.3.4\easyexcel-support-3.3.4.jar;C:\Users\wujin\Downloads\apache-maven-3.9.10-bin\maven-repository\org\apache\poi\poi-ooxml-schemas\4.1.2\poi-ooxml-schemas-4.1.2.jar;C:\Users\wujin\Downloads\apache-maven-3.9.10-bin\maven-repository\org\ehcache\ehcache\3.10.8\ehcache-3.10.8.jar;C:\Users\wujin\Downloads\apache-maven-3.9.10-bin\maven-repository\javax\cache\cache-api\1.1.1\cache-api-1.1.1.jar;C:\Users\wujin\Downloads\apache-maven-3.9.10-bin\maven-repository\org\springframework\boot\spring-boot-starter-test\3.2.6\spring-boot-starter-test-3.2.6.jar;C:\Users\wujin\Downloads\apache-maven-3.9.10-bin\maven-repository\org\springframework\boot\spring-boot-test\3.2.6\spring-boot-test-3.2.6.jar;C:\Users\wujin\Downloads\apache-maven-3.9.10-bin\maven-repository\org\springframework\boot\spring-boot-test-autoconfigure\3.2.6\spring-boot-test-autoconfigure-3.2.6.jar;C:\Users\wujin\Downloads\apache-maven-3.9.10-bin\maven-repository\com\jayway\jsonpath\json-path\2.9.0\json-path-2.9.0.jar;C:\Users\wujin\Downloads\apache-maven-3.9.10-bin\maven-repository\jakarta\xml\bind\jakarta.xml.bind-api\4.0.2\jakarta.xml.bind-api-4.0.2.jar;C:\Users\wujin\Downloads\apache-maven-3.9.10-bin\maven-repository\jakarta\activation\jakarta.activation-api\2.1.3\jakarta.activation-api-2.1.3.jar;C:\Users\wujin\Downloads\apache-maven-3.9.10-bin\maven-repository\net\minidev\json-smart\2.5.1\json-smart-2.5.1.jar;C:\Users\wujin\Downloads\apache-maven-3.9.10-bin\maven-repository\net\minidev\accessors-smart\2.5.1\accessors-smart-2.5.1.jar;C:\Users\wujin\Downloads\apache-maven-3.9.10-bin\maven-repository\org\assertj\assertj-core\3.24.2\assertj-core-3.24.2.jar;C:\Users\wujin\Downloads\apache-maven-3.9.10-bin\maven-repository\net\bytebuddy\byte-buddy\1.14.16\byte-buddy-1.14.16.jar;C:\Users\wujin\Downloads\apache-maven-3.9.10-bin\maven-repository\org\awaitility\awaitility\4.2.1\awaitility-4.2.1.jar;C:\Users\wujin\Downloads\apache-maven-3.9.10-bin\maven-repository\org\hamcrest\hamcrest\2.2\hamcrest-2.2.jar;C:\Users\wujin\Downloads\apache-maven-3.9.10-bin\maven-repository\org\mockito\mockito-core\5.7.0\mockito-core-5.7.0.jar;C:\Users\wujin\Downloads\apache-maven-3.9.10-bin\maven-repository\net\bytebuddy\byte-buddy-agent\1.14.16\byte-buddy-agent-1.14.16.jar;C:\Users\wujin\Downloads\apache-maven-3.9.10-bin\maven-repository\org\objenesis\objenesis\3.3\objenesis-3.3.jar;C:\Users\wujin\Downloads\apache-maven-3.9.10-bin\maven-repository\org\mockito\mockito-junit-jupiter\5.7.0\mockito-junit-jupiter-5.7.0.jar;C:\Users\wujin\Downloads\apache-maven-3.9.10-bin\maven-repository\org\skyscreamer\jsonassert\1.5.1\jsonassert-1.5.1.jar;C:\Users\wujin\Downloads\apache-maven-3.9.10-bin\maven-repository\com\vaadin\external\google\android-json\0.0.20131108.vaadin1\android-json-0.0.20131108.vaadin1.jar;C:\Users\wujin\Downloads\apache-maven-3.9.10-bin\maven-repository\org\springframework\spring-core\6.1.8\spring-core-6.1.8.jar;C:\Users\wujin\Downloads\apache-maven-3.9.10-bin\maven-repository\org\springframework\spring-jcl\6.1.8\spring-jcl-6.1.8.jar;C:\Users\wujin\Downloads\apache-maven-3.9.10-bin\maven-repository\org\springframework\spring-test\6.1.8\spring-test-6.1.8.jar;C:\Users\wujin\Downloads\apache-maven-3.9.10-bin\maven-repository\org\xmlunit\xmlunit-core\2.9.1\xmlunit-core-2.9.1.jar;C:\Users\wujin\Downloads\apache-maven-3.9.10-bin\maven-repository\com\h2database\h2\2.2.224\h2-2.2.224.jar;"/>
    <property name="sun.cpu.endian" value="little"/>
    <property name="user.home" value="C:\Users\wujin"/>
    <property name="user.language" value="zh"/>
    <property name="java.specification.vendor" value="Oracle Corporation"/>
    <property name="java.version.date" value="2025-04-15"/>
    <property name="java.home" value="C:\Program Files\Eclipse Adoptium\jdk-17.0.15.6-hotspot"/>
    <property name="file.separator" value="\"/>
    <property name="basedir" value="C:\Users\wujin\Desktop\ai-course-platform\backend"/>
    <property name="java.vm.compressedOopsMode" value="Zero based"/>
    <property name="line.separator" value="&#10;"/>
    <property name="java.vm.specification.vendor" value="Oracle Corporation"/>
    <property name="java.specification.name" value="Java Platform API Specification"/>
    <property name="FILE_LOG_CHARSET" value="GBK"/>
    <property name="java.awt.headless" value="true"/>
    <property name="surefire.real.class.path" value="C:\Users\wujin\AppData\Local\Temp\surefire17245669722964360480\surefirebooter-20250628153259945_3.jar"/>
    <property name="user.script" value=""/>
    <property name="sun.management.compiler" value="HotSpot 64-Bit Tiered Compilers"/>
    <property name="java.runtime.version" value="17.0.15+6"/>
    <property name="user.name" value="wujin"/>
    <property name="path.separator" value=";"/>
    <property name="os.version" value="10.0"/>
    <property name="java.runtime.name" value="OpenJDK Runtime Environment"/>
    <property name="file.encoding" value="GBK"/>
    <property name="java.vm.name" value="OpenJDK 64-Bit Server VM"/>
    <property name="java.vendor.version" value="Temurin-17.0.15+6"/>
    <property name="localRepository" value="C:\Users\wujin\Downloads\apache-maven-3.9.10-bin\maven-repository"/>
    <property name="java.vendor.url.bug" value="https://github.com/adoptium/adoptium-support/issues"/>
    <property name="java.io.tmpdir" value="C:\Users\wujin\AppData\Local\Temp\"/>
    <property name="com.zaxxer.hikari.pool_number" value="1"/>
    <property name="java.version" value="17.0.15"/>
    <property name="user.dir" value="C:\Users\wujin\Desktop\ai-course-platform\backend"/>
    <property name="os.arch" value="amd64"/>
    <property name="java.vm.specification.name" value="Java Virtual Machine Specification"/>
    <property name="PID" value="23796"/>
    <property name="sun.os.patch.level" value=""/>
    <property name="CONSOLE_LOG_CHARSET" value="GBK"/>
    <property name="native.encoding" value="GBK"/>
    <property name="java.library.path" value="C:\Program Files\Eclipse Adoptium\jdk-17.0.15.6-hotspot\bin;C:\WINDOWS\Sun\Java\bin;C:\WINDOWS\system32;C:\WINDOWS;C:\Program Files\Eclipse Adoptium\jdk-17.0.15.6-hotspot\bin;C:\Program Files (x86)\Common Files\Oracle\Java\java8path;C:\Program Files (x86)\Common Files\Oracle\Java\javapath;C:\WINDOWS\system32;C:\WINDOWS;C:\WINDOWS\System32\Wbem;C:\WINDOWS\System32\WindowsPowerShell\v1.0\;C:\WINDOWS\System32\OpenSSH\;C:\Program Files (x86)\NVIDIA Corporation\PhysX\Common;C:\WINDOWS\system32;C:\WINDOWS;C:\WINDOWS\System32\Wbem;C:\WINDOWS\System32\WindowsPowerShell\v1.0\;C:\WINDOWS\System32\OpenSSH\;C:\Program Files\Git\cmd;C:\Users\wujin\Downloads\apache-maven-3.9.10-bin\apache-maven-3.9.10\bin;C:\Users\wujin\AppData\Local\Microsoft\WindowsApps;C:\Program Files\JetBrains\IntelliJ IDEA 2024.2.3\bin;;C:\Users\wujin\AppData\Local\Programs\cursor\resources\app\bin;C:\Users\wujin\Downloads\apache-maven-3.9.10-bin\apache-maven-3.9.10\bin;;."/>
    <property name="java.vm.info" value="mixed mode, sharing"/>
    <property name="java.vendor" value="Eclipse Adoptium"/>
    <property name="java.vm.version" value="17.0.15+6"/>
    <property name="java.specification.maintenance.version" value="1"/>
    <property name="sun.io.unicode.encoding" value="UnicodeLittle"/>
    <property name="java.class.version" value="61.0"/>
    <property name="CONSOLE_LOG_PATTERN" value="%d{yyyy-MM-dd HH:mm:ss} [%thread] %-5level %logger{36} - %msg%n"/>
  </properties>
  <testcase name="testOkWithNullData" classname="com.example.aicourse.utils.ResultTest" time="0.002"/>
  <testcase name="testOkWithData" classname="com.example.aicourse.utils.ResultTest" time="0.0"/>
  <testcase name="testToString" classname="com.example.aicourse.utils.ResultTest" time="0.005"/>
  <testcase name="testSetAndGetMethods" classname="com.example.aicourse.utils.ResultTest" time="0.0"/>
  <testcase name="testErrorWithEmptyMessage" classname="com.example.aicourse.utils.ResultTest" time="0.0"/>
  <testcase name="testConstructorWithAllParameters" classname="com.example.aicourse.utils.ResultTest" time="0.0"/>
  <testcase name="testComplexData" classname="com.example.aicourse.utils.ResultTest" time="0.005"/>
  <testcase name="testErrorWithNullMessage" classname="com.example.aicourse.utils.ResultTest" time="0.001"/>
  <testcase name="testErrorWithMessage" classname="com.example.aicourse.utils.ResultTest" time="0.0"/>
  <testcase name="testOkWithoutData" classname="com.example.aicourse.utils.ResultTest" time="0.0"/>
  <testcase name="testGenericTypes" classname="com.example.aicourse.utils.ResultTest" time="0.0"/>
  <testcase name="testEqualsAndHashCode" classname="com.example.aicourse.utils.ResultTest" time="0.006"/>
  <testcase name="testConstructorWithNullData" classname="com.example.aicourse.utils.ResultTest" time="0.0"/>
  <testcase name="testDefaultConstructor" classname="com.example.aicourse.utils.ResultTest" time="0.001"/>
</testsuite>